<?xml version="1.0" encoding="UTF-8"?>
<!-- Generated by org.testng.reporters.JUnitReportReporter -->
<testsuite hostname="DESKTOP-QT680RM" failures="0" tests="2" name="testscripts.TestContactPage" time="0.008" errors="0" timestamp="29 Sep 2022 05:22:08 GMT">
  <testcase classname="testscripts.TestContactPage" name="testDeletionCreation" time="0.007"/>
  <testcase classname="testscripts.TestContactPage" name="testContactsCreation" time="0.001"/>
</testsuite> <!-- testscripts.TestContactPage -->
