<?xml version="1.0" encoding="UTF-8"?>
<!-- Generated by org.testng.reporters.JUnitReportReporter -->
<testsuite hostname="DESKTOP-QT680RM" failures="0" tests="1" name="runner.TestRunner" time="9.262" errors="0" timestamp="29 Sep 2022 05:22:26 GMT">
  <testcase classname="runner.TestRunner" name="runScenario" time="9.262"/>
</testsuite> <!-- runner.TestRunner -->
