<?xml version="1.0" encoding="UTF-8"?>
<!-- Generated by org.testng.reporters.JUnitReportReporter -->
<testsuite hostname="DESKTOP-QT680RM" failures="0" tests="1" name="utilities.DateUtility" time="0.002" errors="0" timestamp="29 Sep 2022 05:22:08 GMT">
  <testcase classname="utilities.DateUtility" name="testCase" time="0.002"/>
</testsuite> <!-- utilities.DateUtility -->
